<?xml version="1.0" encoding="UTF-8" ?>
<testsuite tests="1" failures="0" name="com.test.SampleTest" time="5.85" errors="1" skipped="0">
  <properties>
[...]
</properties>
  <testcase classname="com.test.SampleTest" name="testwordCountJob" time="5.85">
    <error message="Path does not exist: file:/C:/Users/FairyJacob/Desktop/Spark/test/unitTest;" type="org.apache.spark.sql.AnalysisException">org.apache.spark.sql.AnalysisException: Path does not exist: file:/C:/Users/FairyJacob/Desktop/Spark/test/unitTest;
	at org.apache.spark.sql.execution.datasources.DataSource$.org$apache$spark$sql$execution$datasources$DataSource$$checkAndGlobPathIfNecessary(DataSource.scala:719)
	at org.apache.spark.sql.execution.datasources.DataSource$$anonfun$15.apply(DataSource.scala:390)
	at org.apache.spark.sql.execution.datasources.DataSource$$anonfun$15.apply(DataSource.scala:390)
	at scala.collection.TraversableLike$$anonfun$flatMap$1.apply(TraversableLike.scala:241)
	at scala.collection.TraversableLike$$anonfun$flatMap$1.apply(TraversableLike.scala:241)
	at scala.collection.immutable.List.foreach(List.scala:381)
	at scala.collection.TraversableLike$class.flatMap(TraversableLike.scala:241)
	at scala.collection.immutable.List.flatMap(List.scala:344)
	at org.apache.spark.sql.execution.datasources.DataSource.resolveRelation(DataSource.scala:389)
	at org.apache.spark.sql.DataFrameReader.loadV1Source(DataFrameReader.scala:239)
	at org.apache.spark.sql.DataFrameReader.load(DataFrameReader.scala:227)
	at org.apache.spark.sql.DataFrameReader.text(DataFrameReader.scala:693)
	at org.apache.spark.sql.DataFrameReader.textFile(DataFrameReader.scala:732)
	at org.apache.spark.sql.DataFrameReader.textFile(DataFrameReader.scala:702)
	at com.weather.WordCount.wordCountJob(WordCount.java:21)
	at com.test.SampleTest.testwordCountJob(SampleTest.java:9)
	at sun.reflect.NativeMethodAccessorImpl.invoke0(Native Method)
	at sun.reflect.NativeMethodAccessorImpl.invoke(NativeMethodAccessorImpl.java:62)
	at sun.reflect.DelegatingMethodAccessorImpl.invoke(DelegatingMethodAccessorImpl.java:43)
	at java.lang.reflect.Method.invoke(Method.java:498)
	at org.junit.runners.model.FrameworkMethod$1.runReflectiveCall(FrameworkMethod.java:45)
	at org.junit.internal.runners.model.ReflectiveCallable.run(ReflectiveCallable.java:15)
	at org.junit.runners.model.FrameworkMethod.invokeExplosively(FrameworkMethod.java:42)
	at org.junit.internal.runners.statements.InvokeMethod.evaluate(InvokeMethod.java:20)
	at org.junit.runners.ParentRunner.runLeaf(ParentRunner.java:263)
	at org.junit.runners.BlockJUnit4ClassRunner.runChild(BlockJUnit4ClassRunner.java:68)
	at org.junit.runners.BlockJUnit4ClassRunner.runChild(BlockJUnit4ClassRunner.java:47)
	at org.junit.runners.ParentRunner$3.run(ParentRunner.java:231)
	at org.junit.runners.ParentRunner$1.schedule(ParentRunner.java:60)
	at org.junit.runners.ParentRunner.runChildren(ParentRunner.java:229)
	at org.junit.runners.ParentRunner.access$000(ParentRunner.java:50)
	at org.junit.runners.ParentRunner$2.evaluate(ParentRunner.java:222)
	at org.junit.runners.ParentRunner.run(ParentRunner.java:300)
	at org.apache.maven.surefire.junit4.JUnit4Provider.execute(JUnit4Provider.java:252)
	at org.apache.maven.surefire.junit4.JUnit4Provider.executeTestSet(JUnit4Provider.java:141)
	at org.apache.maven.surefire.junit4.JUnit4Provider.invoke(JUnit4Provider.java:112)
	at sun.reflect.NativeMethodAccessorImpl.invoke0(Native Method)
	at sun.reflect.NativeMethodAccessorImpl.invoke(NativeMethodAccessorImpl.java:62)
	at sun.reflect.DelegatingMethodAccessorImpl.invoke(DelegatingMethodAccessorImpl.java:43)
	at java.lang.reflect.Method.invoke(Method.java:498)
	at org.apache.maven.surefire.util.ReflectionUtils.invokeMethodWithArray(ReflectionUtils.java:189)
	at org.apache.maven.surefire.booter.ProviderFactory$ProviderProxy.invoke(ProviderFactory.java:165)
	at org.apache.maven.surefire.booter.ProviderFactory.invokeProvider(ProviderFactory.java:85)
	at org.apache.maven.surefire.booter.ForkedBooter.runSuitesInProcess(ForkedBooter.java:115)
	at org.apache.maven.surefire.booter.ForkedBooter.main(ForkedBooter.java:75)
</error>
    <system-err>Using Spark&apos;s default log4j profile: org/apache/spark/log4j-defaults.properties
19/11/23 21:18:04 INFO SparkContext: Running Spark version 2.3.2
19/11/23 21:18:04 WARN NativeCodeLoader: Unable to load native-hadoop library for your platform... using builtin-java classes where applicable
19/11/23 21:18:04 ERROR Shell: Failed to locate the winutils binary in the hadoop binary path
java.io.IOException: Could not locate executable null\bin\winutils.exe in the Hadoop binaries.
	at org.apache.hadoop.util.Shell.getQualifiedBinPath(Shell.java:378)
	at org.apache.hadoop.util.Shell.getWinUtilsPath(Shell.java:393)
	at org.apache.hadoop.util.Shell.&lt;clinit&gt;(Shell.java:386)
	at org.apache.hadoop.util.StringUtils.&lt;clinit&gt;(StringUtils.java:79)
	at org.apache.hadoop.security.Groups.parseStaticMapping(Groups.java:116)
	at org.apache.hadoop.security.Groups.&lt;init&gt;(Groups.java:93)
	at org.apache.hadoop.security.Groups.&lt;init&gt;(Groups.java:73)
	at org.apache.hadoop.security.Groups.getUserToGroupsMappingService(Groups.java:293)
	at org.apache.hadoop.security.UserGroupInformation.initialize(UserGroupInformation.java:283)
	at org.apache.hadoop.security.UserGroupInformation.ensureInitialized(UserGroupInformation.java:260)
	at org.apache.hadoop.security.UserGroupInformation.loginUserFromSubject(UserGroupInformation.java:789)
	at org.apache.hadoop.security.UserGroupInformation.getLoginUser(UserGroupInformation.java:774)
	at org.apache.hadoop.security.UserGroupInformation.getCurrentUser(UserGroupInformation.java:647)
	at org.apache.spark.util.Utils$$anonfun$getCurrentUserName$1.apply(Utils.scala:2468)
	at org.apache.spark.util.Utils$$anonfun$getCurrentUserName$1.apply(Utils.scala:2468)
	at scala.Option.getOrElse(Option.scala:121)
	at org.apache.spark.util.Utils$.getCurrentUserName(Utils.scala:2468)
	at org.apache.spark.SparkContext.&lt;init&gt;(SparkContext.scala:292)
	at org.apache.spark.SparkContext$.getOrCreate(SparkContext.scala:2493)
	at org.apache.spark.sql.SparkSession$Builder$$anonfun$7.apply(SparkSession.scala:934)
	at org.apache.spark.sql.SparkSession$Builder$$anonfun$7.apply(SparkSession.scala:925)
	at scala.Option.getOrElse(Option.scala:121)
	at org.apache.spark.sql.SparkSession$Builder.getOrCreate(SparkSession.scala:925)
	at com.weather.WordCount.&lt;clinit&gt;(WordCount.java:12)
	at com.test.SampleTest.testwordCountJob(SampleTest.java:9)
	at sun.reflect.NativeMethodAccessorImpl.invoke0(Native Method)
	at sun.reflect.NativeMethodAccessorImpl.invoke(NativeMethodAccessorImpl.java:62)
	at sun.reflect.DelegatingMethodAccessorImpl.invoke(DelegatingMethodAccessorImpl.java:43)
	at java.lang.reflect.Method.invoke(Method.java:498)
	at org.junit.runners.model.FrameworkMethod$1.runReflectiveCall(FrameworkMethod.java:45)
	at org.junit.internal.runners.model.ReflectiveCallable.run(ReflectiveCallable.java:15)
	at org.junit.runners.model.FrameworkMethod.invokeExplosively(FrameworkMethod.java:42)
	at org.junit.internal.runners.statements.InvokeMethod.evaluate(InvokeMethod.java:20)
	at org.junit.runners.ParentRunner.runLeaf(ParentRunner.java:263)
	at org.junit.runners.BlockJUnit4ClassRunner.runChild(BlockJUnit4ClassRunner.java:68)
	at org.junit.runners.BlockJUnit4ClassRunner.runChild(BlockJUnit4ClassRunner.java:47)
	at org.junit.runners.ParentRunner$3.run(ParentRunner.java:231)
	at org.junit.runners.ParentRunner$1.schedule(ParentRunner.java:60)
	at org.junit.runners.ParentRunner.runChildren(ParentRunner.java:229)
	at org.junit.runners.ParentRunner.access$000(ParentRunner.java:50)
	at org.junit.runners.ParentRunner$2.evaluate(ParentRunner.java:222)
	at org.junit.runners.ParentRunner.run(ParentRunner.java:300)
	at org.apache.maven.surefire.junit4.JUnit4Provider.execute(JUnit4Provider.java:252)
	at org.apache.maven.surefire.junit4.JUnit4Provider.executeTestSet(JUnit4Provider.java:141)
	at org.apache.maven.surefire.junit4.JUnit4Provider.invoke(JUnit4Provider.java:112)
	at sun.reflect.NativeMethodAccessorImpl.invoke0(Native Method)
	at sun.reflect.NativeMethodAccessorImpl.invoke(NativeMethodAccessorImpl.java:62)
	at sun.reflect.DelegatingMethodAccessorImpl.invoke(DelegatingMethodAccessorImpl.java:43)
	at java.lang.reflect.Method.invoke(Method.java:498)
	at org.apache.maven.surefire.util.ReflectionUtils.invokeMethodWithArray(ReflectionUtils.java:189)
	at org.apache.maven.surefire.booter.ProviderFactory$ProviderProxy.invoke(ProviderFactory.java:165)
	at org.apache.maven.surefire.booter.ProviderFactory.invokeProvider(ProviderFactory.java:85)
	at org.apache.maven.surefire.booter.ForkedBooter.runSuitesInProcess(ForkedBooter.java:115)
	at org.apache.maven.surefire.booter.ForkedBooter.main(ForkedBooter.java:75)
19/11/23 21:18:04 INFO SparkContext: Submitted application: WordCountApp
19/11/23 21:18:05 INFO SecurityManager: Changing view acls to: FairyJacob
19/11/23 21:18:05 INFO SecurityManager: Changing modify acls to: FairyJacob
19/11/23 21:18:05 INFO SecurityManager: Changing view acls groups to: 
19/11/23 21:18:05 INFO SecurityManager: Changing modify acls groups to: 
19/11/23 21:18:05 INFO SecurityManager: SecurityManager: authentication disabled; ui acls disabled; users  with view permissions: Set(FairyJacob); groups with view permissions: Set(); users  with modify permissions: Set(FairyJacob); groups with modify permissions: Set()
19/11/23 21:18:06 INFO Utils: Successfully started service &apos;sparkDriver&apos; on port 52561.
19/11/23 21:18:06 INFO SparkEnv: Registering MapOutputTracker
19/11/23 21:18:06 INFO SparkEnv: Registering BlockManagerMaster
19/11/23 21:18:06 INFO BlockManagerMasterEndpoint: Using org.apache.spark.storage.DefaultTopologyMapper for getting topology information
19/11/23 21:18:06 INFO BlockManagerMasterEndpoint: BlockManagerMasterEndpoint up
19/11/23 21:18:06 INFO DiskBlockManager: Created local directory at C:\Users\FairyJacob\AppData\Local\Temp\blockmgr-e570dbac-10a7-4b7e-9a36-497b09ea1b77
19/11/23 21:18:06 INFO MemoryStore: MemoryStore started with capacity 901.8 MB
19/11/23 21:18:06 INFO SparkEnv: Registering OutputCommitCoordinator
19/11/23 21:18:07 INFO Utils: Successfully started service &apos;SparkUI&apos; on port 4040.
19/11/23 21:18:07 INFO SparkUI: Bound SparkUI to 0.0.0.0, and started at http://LAPTOP-IT9S3NVL:4040
19/11/23 21:18:07 INFO Executor: Starting executor ID driver on host localhost
19/11/23 21:18:07 INFO Utils: Successfully started service &apos;org.apache.spark.network.netty.NettyBlockTransferService&apos; on port 52570.
19/11/23 21:18:07 INFO NettyBlockTransferService: Server created on LAPTOP-IT9S3NVL:52570
19/11/23 21:18:07 INFO BlockManager: Using org.apache.spark.storage.RandomBlockReplicationPolicy for block replication policy
19/11/23 21:18:07 INFO BlockManagerMaster: Registering BlockManager BlockManagerId(driver, LAPTOP-IT9S3NVL, 52570, None)
19/11/23 21:18:07 INFO BlockManagerMasterEndpoint: Registering block manager LAPTOP-IT9S3NVL:52570 with 901.8 MB RAM, BlockManagerId(driver, LAPTOP-IT9S3NVL, 52570, None)
19/11/23 21:18:07 INFO BlockManagerMaster: Registered BlockManager BlockManagerId(driver, LAPTOP-IT9S3NVL, 52570, None)
19/11/23 21:18:07 INFO BlockManager: Initialized BlockManager: BlockManagerId(driver, LAPTOP-IT9S3NVL, 52570, None)
19/11/23 21:18:07 INFO SharedState: Setting hive.metastore.warehouse.dir (&apos;null&apos;) to the value of spark.sql.warehouse.dir (&apos;file:/C:/Users/FairyJacob/IdeaProjects/waetherforecast/spark-warehouse/&apos;).
19/11/23 21:18:07 INFO SharedState: Warehouse path is &apos;file:/C:/Users/FairyJacob/IdeaProjects/waetherforecast/spark-warehouse/&apos;.
19/11/23 21:18:09 INFO StateStoreCoordinatorRef: Registered StateStoreCoordinator endpoint
</system-err>
  </testcase>
</testsuite>